10:47:14 **** Incremental Build of configuration Debug for project Mastering_Debugging ****
make all 
Invoking: Print Size
avr-size --format=avr --mcu=atmega32 Mastering_Debugging.elf
AVR Memory Usage
----------------
Device: atmega32

Program:   10214 bytes (31.2% Full)
(.text + .data + .bootloader)

Data:         42 bytes (2.1% Full)
(.data + .bss + .noinit)


Finished building: sizedummy
 
10:48:41 **** Incremental Build of configuration Debug for project Mastering_Debugging ****
make all 
Building file: ../main.c
Invoking: AVR Compiler
avr-gcc -Wall -g3 -gdwarf-2 -O0 -fpack-struct -fshort-enums -ffunction-sections -fdata-sections -std=gnu99 -funsigned-char -funsigned-bitfields -mmcu=atmega32 -DF_CPU=1000000UL -MMD -MP -MF"main.d" -MT"main.o" -c -o "main.o" "../main.c"
../main.c:1:1: warning: "F_CPU" redefined
<command-line>: warning: this is the location of the previous definition
In file included from ../main.c:10:
c:/winavr-20100110/lib/gcc/../../avr/include/util/delay.h:90:3: warning: #warning "Compiler optimizations disabled; functions from <util/delay.h> won't work as designed"
Finished building: ../main.c
 
Building target: Mastering_Debugging.elf
Invoking: AVR C Linker
avr-gcc -Wl,-Map,Mastering_Debugging.map -mmcu=atmega32 -o "Mastering_Debugging.elf"  ./MCAL/Timer/Timer_prog.o  ./MCAL/EXTI/EXTI_program.o  ./MCAL/DIO/DIO_program.o  ./MCAL/Communication/UART/UART_prog.o  ./MCAL/Communication/SPI/SPI_prog.o  ./HAL/LCD/LCD_program.o  ./HAL/Keypad/keypad_program.o  ./.metadata/.plugins/org.eclipse.cdt.make.core/specs.o  ./main.o   
Finished building target: Mastering_Debugging.elf
 
Invoking: AVR Create Extended Listing
avr-objdump -h -S Mastering_Debugging.elf  >"Mastering_Debugging.lss"
Finished building: Mastering_Debugging.lss
 
Create Flash image (ihex format)
avr-objcopy -R .eeprom -R .fuse -R .lock -R .signature -O ihex Mastering_Debugging.elf  "Mastering_Debugging.hex"
Finished building: Mastering_Debugging.hex
 
Invoking: Print Size
avr-size --format=avr --mcu=atmega32 Mastering_Debugging.elf
AVR Memory Usage
----------------
Device: atmega32

Program:   10454 bytes (31.9% Full)
(.text + .data + .bootloader)

Data:         42 bytes (2.1% Full)
(.data + .bss + .noinit)


Finished building: sizedummy
 
10:49:19 **** Incremental Build of configuration Debug for project Mastering_Debugging ****
make all 
Building file: ../MCAL/Communication/UART/UART_prog.c
Invoking: AVR Compiler
avr-gcc -Wall -g3 -gdwarf-2 -O0 -fpack-struct -fshort-enums -ffunction-sections -fdata-sections -std=gnu99 -funsigned-char -funsigned-bitfields -mmcu=atmega32 -DF_CPU=1000000UL -MMD -MP -MF"MCAL/Communication/UART/UART_prog.d" -MT"MCAL/Communication/UART/UART_prog.o" -c -o "MCAL/Communication/UART/UART_prog.o" "../MCAL/Communication/UART/UART_prog.c"
../MCAL/Communication/UART/UART_prog.c: In function 'UART_SendByte':
../MCAL/Communication/UART/UART_prog.c:39: warning: implicit declaration of function '_delay_ms'
../MCAL/Communication/UART/UART_prog.c: In function 'UART_send_float':
../MCAL/Communication/UART/UART_prog.c:60: warning: implicit declaration of function 'sprintf'
../MCAL/Communication/UART/UART_prog.c:60: warning: incompatible implicit declaration of built-in function 'sprintf'
../MCAL/Communication/UART/UART_prog.c:60: warning: format '%.3f' expects type 'double', but argument 3 has type 'float'
Finished building: ../MCAL/Communication/UART/UART_prog.c
 
Building file: ../main.c
Invoking: AVR Compiler
avr-gcc -Wall -g3 -gdwarf-2 -O0 -fpack-struct -fshort-enums -ffunction-sections -fdata-sections -std=gnu99 -funsigned-char -funsigned-bitfields -mmcu=atmega32 -DF_CPU=1000000UL -MMD -MP -MF"main.d" -MT"main.o" -c -o "main.o" "../main.c"
../main.c:1:1: warning: "F_CPU" redefined
<command-line>: warning: this is the location of the previous definition
In file included from ../main.c:10:
c:/winavr-20100110/lib/gcc/../../avr/include/util/delay.h:90:3: warning: #warning "Compiler optimizations disabled; functions from <util/delay.h> won't work as designed"
Finished building: ../main.c
 
Building target: Mastering_Debugging.elf
Invoking: AVR C Linker
avr-gcc -Wl,-Map,Mastering_Debugging.map -mmcu=atmega32 -o "Mastering_Debugging.elf"  ./MCAL/Timer/Timer_prog.o  ./MCAL/EXTI/EXTI_program.o  ./MCAL/DIO/DIO_program.o  ./MCAL/Communication/UART/UART_prog.o  ./MCAL/Communication/SPI/SPI_prog.o  ./HAL/LCD/LCD_program.o  ./HAL/Keypad/keypad_program.o  ./.metadata/.plugins/org.eclipse.cdt.make.core/specs.o  ./main.o   
./MCAL/Communication/UART/UART_prog.o: In function `UART_SendByte':
C:\Users\adham\Desktop\AMIT_Diploma\Layered_Architecture_Eclipse_AVR_WD\Mastering_Debugging\Debug/../MCAL/Communication/UART/UART_prog.c:39: undefined reference to `_delay_ms'
make: *** [Mastering_Debugging.elf] Error 1
10:49:31 **** Incremental Build of configuration Debug for project Mastering_Debugging ****
make all 
Building file: ../MCAL/Communication/UART/UART_prog.c
Invoking: AVR Compiler
avr-gcc -Wall -g3 -gdwarf-2 -O0 -fpack-struct -fshort-enums -ffunction-sections -fdata-sections -std=gnu99 -funsigned-char -funsigned-bitfields -mmcu=atmega32 -DF_CPU=1000000UL -MMD -MP -MF"MCAL/Communication/UART/UART_prog.d" -MT"MCAL/Communication/UART/UART_prog.o" -c -o "MCAL/Communication/UART/UART_prog.o" "../MCAL/Communication/UART/UART_prog.c"
../MCAL/Communication/UART/UART_prog.c: In function 'UART_send_float':
../MCAL/Communication/UART/UART_prog.c:58: warning: implicit declaration of function 'sprintf'
../MCAL/Communication/UART/UART_prog.c:58: warning: incompatible implicit declaration of built-in function 'sprintf'
../MCAL/Communication/UART/UART_prog.c:58: warning: format '%.3f' expects type 'double', but argument 3 has type 'float'
Finished building: ../MCAL/Communication/UART/UART_prog.c
 
Building file: ../main.c
Invoking: AVR Compiler
avr-gcc -Wall -g3 -gdwarf-2 -O0 -fpack-struct -fshort-enums -ffunction-sections -fdata-sections -std=gnu99 -funsigned-char -funsigned-bitfields -mmcu=atmega32 -DF_CPU=1000000UL -MMD -MP -MF"main.d" -MT"main.o" -c -o "main.o" "../main.c"
../main.c:1:1: warning: "F_CPU" redefined
<command-line>: warning: this is the location of the previous definition
Finished building: ../main.c
 
Building target: Mastering_Debugging.elf
Invoking: AVR C Linker
avr-gcc -Wl,-Map,Mastering_Debugging.map -mmcu=atmega32 -o "Mastering_Debugging.elf"  ./MCAL/Timer/Timer_prog.o  ./MCAL/EXTI/EXTI_program.o  ./MCAL/DIO/DIO_program.o  ./MCAL/Communication/UART/UART_prog.o  ./MCAL/Communication/SPI/SPI_prog.o  ./HAL/LCD/LCD_program.o  ./HAL/Keypad/keypad_program.o  ./.metadata/.plugins/org.eclipse.cdt.make.core/specs.o  ./main.o   
Finished building target: Mastering_Debugging.elf
 
Invoking: AVR Create Extended Listing
avr-objdump -h -S Mastering_Debugging.elf  >"Mastering_Debugging.lss"
Finished building: Mastering_Debugging.lss
 
Create Flash image (ihex format)
avr-objcopy -R .eeprom -R .fuse -R .lock -R .signature -O ihex Mastering_Debugging.elf  "Mastering_Debugging.hex"
Finished building: Mastering_Debugging.hex
 
Invoking: Print Size
avr-size --format=avr --mcu=atmega32 Mastering_Debugging.elf
AVR Memory Usage
----------------
Device: atmega32

Program:   10214 bytes (31.2% Full)
(.text + .data + .bootloader)

Data:         42 bytes (2.1% Full)
(.data + .bss + .noinit)


Finished building: sizedummy
 
10:51:36 **** Incremental Build of configuration Debug for project Mastering_Debugging ****
make all 
Building file: ../main.c
Invoking: AVR Compiler
avr-gcc -Wall -g3 -gdwarf-2 -O0 -fpack-struct -fshort-enums -ffunction-sections -fdata-sections -std=gnu99 -funsigned-char -funsigned-bitfields -mmcu=atmega32 -DF_CPU=1000000UL -MMD -MP -MF"main.d" -MT"main.o" -c -o "main.o" "../main.c"
../main.c:1:1: warning: "F_CPU" redefined
<command-line>: warning: this is the location of the previous definition
Finished building: ../main.c
 
Building target: Mastering_Debugging.elf
Invoking: AVR C Linker
avr-gcc -Wl,-Map,Mastering_Debugging.map -mmcu=atmega32 -o "Mastering_Debugging.elf"  ./MCAL/Timer/Timer_prog.o  ./MCAL/EXTI/EXTI_program.o  ./MCAL/DIO/DIO_program.o  ./MCAL/Communication/UART/UART_prog.o  ./MCAL/Communication/SPI/SPI_prog.o  ./HAL/LCD/LCD_program.o  ./HAL/Keypad/keypad_program.o  ./.metadata/.plugins/org.eclipse.cdt.make.core/specs.o  ./main.o   
Finished building target: Mastering_Debugging.elf
 
Invoking: AVR Create Extended Listing
avr-objdump -h -S Mastering_Debugging.elf  >"Mastering_Debugging.lss"
Finished building: Mastering_Debugging.lss
 
Create Flash image (ihex format)
avr-objcopy -R .eeprom -R .fuse -R .lock -R .signature -O ihex Mastering_Debugging.elf  "Mastering_Debugging.hex"
Finished building: Mastering_Debugging.hex
 
Invoking: Print Size
avr-size --format=avr --mcu=atmega32 Mastering_Debugging.elf
AVR Memory Usage
----------------
Device: atmega32

Program:   10214 bytes (31.2% Full)
(.text + .data + .bootloader)

Data:         42 bytes (2.1% Full)
(.data + .bss + .noinit)


Finished building: sizedummy
 
10:52:28 **** Incremental Build of configuration Debug for project Mastering_Debugging ****
make all 
Building file: ../main.c
Invoking: AVR Compiler
avr-gcc -Wall -g3 -gdwarf-2 -O0 -fpack-struct -fshort-enums -ffunction-sections -fdata-sections -std=gnu99 -funsigned-char -funsigned-bitfields -mmcu=atmega32 -DF_CPU=1000000UL -MMD -MP -MF"main.d" -MT"main.o" -c -o "main.o" "../main.c"
../main.c:1:1: warning: "F_CPU" redefined
<command-line>: warning: this is the location of the previous definition
Finished building: ../main.c
 
Building target: Mastering_Debugging.elf
Invoking: AVR C Linker
avr-gcc -Wl,-Map,Mastering_Debugging.map -mmcu=atmega32 -o "Mastering_Debugging.elf"  ./MCAL/Timer/Timer_prog.o  ./MCAL/EXTI/EXTI_program.o  ./MCAL/DIO/DIO_program.o  ./MCAL/Communication/UART/UART_prog.o  ./MCAL/Communication/SPI/SPI_prog.o  ./HAL/LCD/LCD_program.o  ./HAL/Keypad/keypad_program.o  ./.metadata/.plugins/org.eclipse.cdt.make.core/specs.o  ./main.o   
Finished building target: Mastering_Debugging.elf
 
Invoking: AVR Create Extended Listing
avr-objdump -h -S Mastering_Debugging.elf  >"Mastering_Debugging.lss"
Finished building: Mastering_Debugging.lss
 
Create Flash image (ihex format)
avr-objcopy -R .eeprom -R .fuse -R .lock -R .signature -O ihex Mastering_Debugging.elf  "Mastering_Debugging.hex"
Finished building: Mastering_Debugging.hex
 
Invoking: Print Size
avr-size --format=avr --mcu=atmega32 Mastering_Debugging.elf
AVR Memory Usage
----------------
Device: atmega32

Program:   10222 bytes (31.2% Full)
(.text + .data + .bootloader)

Data:         42 bytes (2.1% Full)
(.data + .bss + .noinit)


Finished building: sizedummy
 
11:27:36 **** Incremental Build of configuration Debug for project Mastering_Debugging ****
make all 
Building file: ../main.c
Invoking: AVR Compiler
avr-gcc -Wall -g3 -gdwarf-2 -O0 -fpack-struct -fshort-enums -ffunction-sections -fdata-sections -std=gnu99 -funsigned-char -funsigned-bitfields -mmcu=atmega32 -DF_CPU=1000000UL -MMD -MP -MF"main.d" -MT"main.o" -c -o "main.o" "../main.c"
../main.c:1:1: warning: "F_CPU" redefined
<command-line>: warning: this is the location of the previous definition
Finished building: ../main.c
 
Building target: Mastering_Debugging.elf
Invoking: AVR C Linker
avr-gcc -Wl,-Map,Mastering_Debugging.map -mmcu=atmega32 -o "Mastering_Debugging.elf"  ./MCAL/Timer/Timer_prog.o  ./MCAL/EXTI/EXTI_program.o  ./MCAL/DIO/DIO_program.o  ./MCAL/Communication/UART/UART_prog.o  ./MCAL/Communication/SPI/SPI_prog.o  ./HAL/LCD/LCD_program.o  ./HAL/Keypad/keypad_program.o  ./.metadata/.plugins/org.eclipse.cdt.make.core/specs.o  ./main.o   
Finished building target: Mastering_Debugging.elf
 
Invoking: AVR Create Extended Listing
avr-objdump -h -S Mastering_Debugging.elf  >"Mastering_Debugging.lss"
Finished building: Mastering_Debugging.lss
 
Create Flash image (ihex format)
avr-objcopy -R .eeprom -R .fuse -R .lock -R .signature -O ihex Mastering_Debugging.elf  "Mastering_Debugging.hex"
Finished building: Mastering_Debugging.hex
 
Invoking: Print Size
avr-size --format=avr --mcu=atmega32 Mastering_Debugging.elf
AVR Memory Usage
----------------
Device: atmega32

Program:   10230 bytes (31.2% Full)
(.text + .data + .bootloader)

Data:         50 bytes (2.4% Full)
(.data + .bss + .noinit)


Finished building: sizedummy
 
11:29:32 **** Incremental Build of configuration Debug for project Mastering_Debugging ****
make all 
Building file: ../MCAL/Communication/UART/UART_prog.c
Invoking: AVR Compiler
avr-gcc -Wall -g3 -gdwarf-2 -O0 -fpack-struct -fshort-enums -ffunction-sections -fdata-sections -std=gnu99 -funsigned-char -funsigned-bitfields -mmcu=atmega32 -DF_CPU=1000000UL -MMD -MP -MF"MCAL/Communication/UART/UART_prog.d" -MT"MCAL/Communication/UART/UART_prog.o" -c -o "MCAL/Communication/UART/UART_prog.o" "../MCAL/Communication/UART/UART_prog.c"
../MCAL/Communication/UART/UART_prog.c: In function 'UART_send_float':
../MCAL/Communication/UART/UART_prog.c:59: warning: implicit declaration of function 'sprintf'
../MCAL/Communication/UART/UART_prog.c:59: warning: incompatible implicit declaration of built-in function 'sprintf'
../MCAL/Communication/UART/UART_prog.c:59: warning: format '%.3f' expects type 'double', but argument 3 has type 'float'
Finished building: ../MCAL/Communication/UART/UART_prog.c
 
Building target: Mastering_Debugging.elf
Invoking: AVR C Linker
avr-gcc -Wl,-Map,Mastering_Debugging.map -mmcu=atmega32 -o "Mastering_Debugging.elf"  ./MCAL/Timer/Timer_prog.o  ./MCAL/EXTI/EXTI_program.o  ./MCAL/DIO/DIO_program.o  ./MCAL/Communication/UART/UART_prog.o  ./MCAL/Communication/SPI/SPI_prog.o  ./HAL/LCD/LCD_program.o  ./HAL/Keypad/keypad_program.o  ./.metadata/.plugins/org.eclipse.cdt.make.core/specs.o  ./main.o   
Finished building target: Mastering_Debugging.elf
 
Invoking: AVR Create Extended Listing
avr-objdump -h -S Mastering_Debugging.elf  >"Mastering_Debugging.lss"
Finished building: Mastering_Debugging.lss
 
Create Flash image (ihex format)
avr-objcopy -R .eeprom -R .fuse -R .lock -R .signature -O ihex Mastering_Debugging.elf  "Mastering_Debugging.hex"
Finished building: Mastering_Debugging.hex
 
Invoking: Print Size
avr-size --format=avr --mcu=atmega32 Mastering_Debugging.elf
AVR Memory Usage
----------------
Device: atmega32

Program:   10228 bytes (31.2% Full)
(.text + .data + .bootloader)

Data:         50 bytes (2.4% Full)
(.data + .bss + .noinit)


Finished building: sizedummy
 
11:30:41 **** Incremental Build of configuration Debug for project Mastering_Debugging ****
make all 
Invoking: Print Size
avr-size --format=avr --mcu=atmega32 Mastering_Debugging.elf
AVR Memory Usage
----------------
Device: atmega32

Program:   10228 bytes (31.2% Full)
(.text + .data + .bootloader)

Data:         50 bytes (2.4% Full)
(.data + .bss + .noinit)


Finished building: sizedummy
 
