19:08:54 **** Incremental Build of configuration Debug for project Mastering_Debugging ****
make all 
Building file: ../MCAL/Communication/UART/UART_prog.c
Invoking: AVR Compiler
avr-gcc -Wall -g3 -gdwarf-2 -O0 -fpack-struct -fshort-enums -ffunction-sections -fdata-sections -std=gnu99 -funsigned-char -funsigned-bitfields -mmcu=atmega32 -DF_CPU=1000000UL -MMD -MP -MF"MCAL/Communication/UART/UART_prog.d" -MT"MCAL/Communication/UART/UART_prog.o" -c -o "MCAL/Communication/UART/UART_prog.o" "../MCAL/Communication/UART/UART_prog.c"
../MCAL/Communication/UART/UART_prog.c: In function 'UART_RecieveByte':
../MCAL/Communication/UART/UART_prog.c:46: warning: unused variable 'data_received_UART'
../MCAL/Communication/UART/UART_prog.c: In function 'UART_send_float':
../MCAL/Communication/UART/UART_prog.c:59: warning: implicit declaration of function 'sprintf'
../MCAL/Communication/UART/UART_prog.c:59: warning: incompatible implicit declaration of built-in function 'sprintf'
../MCAL/Communication/UART/UART_prog.c:59: warning: format '%.3f' expects type 'double', but argument 3 has type 'float'
Finished building: ../MCAL/Communication/UART/UART_prog.c
 
Building target: Mastering_Debugging.elf
Invoking: AVR C Linker
avr-gcc -Wl,-Map,Mastering_Debugging.map -mmcu=atmega32 -o "Mastering_Debugging.elf"  ./MCAL/Timer/Timer_prog.o  ./MCAL/EXTI/EXTI_program.o  ./MCAL/DIO/DIO_program.o  ./MCAL/Communication/UART/UART_prog.o  ./MCAL/Communication/SPI/SPI_prog.o  ./HAL/LCD/LCD_program.o  ./HAL/Keypad/keypad_program.o  ./.metadata/.plugins/org.eclipse.cdt.make.core/specs.o  ./main.o   
Finished building target: Mastering_Debugging.elf
 
Invoking: AVR Create Extended Listing
avr-objdump -h -S Mastering_Debugging.elf  >"Mastering_Debugging.lss"
Finished building: Mastering_Debugging.lss
 
Create Flash image (ihex format)
avr-objcopy -R .eeprom -R .fuse -R .lock -R .signature -O ihex Mastering_Debugging.elf  "Mastering_Debugging.hex"
Finished building: Mastering_Debugging.hex
 
Invoking: Print Size
avr-size --format=avr --mcu=atmega32 Mastering_Debugging.elf
AVR Memory Usage
----------------
Device: atmega32

Program:   11116 bytes (33.9% Full)
(.text + .data + .bootloader)

Data:         35 bytes (1.7% Full)
(.data + .bss + .noinit)


Finished building: sizedummy
 

19:08:55 Build Finished (took 1s.78ms)

