13:19:35 **** Incremental Build of configuration Debug for project Mastering_Debugging ****
make all 
Building file: ../main.c
Invoking: AVR Compiler
avr-gcc -Wall -g3 -gdwarf-2 -O0 -fpack-struct -fshort-enums -ffunction-sections -fdata-sections -std=gnu99 -funsigned-char -funsigned-bitfields -mmcu=atmega32 -DF_CPU=1000000UL -MMD -MP -MF"main.d" -MT"main.o" -c -o "main.o" "../main.c"
../main.c:1:1: warning: "F_CPU" redefined
<command-line>: warning: this is the location of the previous definition
Finished building: ../main.c
 
Building target: Mastering_Debugging.elf
Invoking: AVR C Linker
avr-gcc -Wl,-Map,Mastering_Debugging.map -mmcu=atmega32 -o "Mastering_Debugging.elf"  ./MCAL/Timer/Timer_prog.o  ./MCAL/EXTI/EXTI_program.o  ./MCAL/DIO/DIO_program.o  ./MCAL/Communication/UART/UART_prog.o  ./MCAL/Communication/SPI/SPI_prog.o  ./HAL/LCD/LCD_program.o  ./HAL/Keypad/keypad_program.o  ./main.o   
Finished building target: Mastering_Debugging.elf
 
Invoking: AVR Create Extended Listing
avr-objdump -h -S Mastering_Debugging.elf  >"Mastering_Debugging.lss"
Finished building: Mastering_Debugging.lss
 
Create Flash image (ihex format)
avr-objcopy -R .eeprom -R .fuse -R .lock -R .signature -O ihex Mastering_Debugging.elf  "Mastering_Debugging.hex"
Finished building: Mastering_Debugging.hex
 
Invoking: Print Size
avr-size --format=avr --mcu=atmega32 Mastering_Debugging.elf
AVR Memory Usage
----------------
Device: atmega32

Program:   10260 bytes (31.3% Full)
(.text + .data + .bootloader)

Data:         36 bytes (1.8% Full)
(.data + .bss + .noinit)


Finished building: sizedummy
 

13:19:36 Build Finished (took 1s.92ms)

